{"/Users/lucaspantoja/Desktop/Projects/tajs/CodeCoverage_Class/src/person.js": {"path":"/Users/lucaspantoja/Desktop/Projects/tajs/CodeCoverage_Class/src/person.js","all":false,"statementMap":{"0":{"start":{"line":1,"column":0},"end":{"line":1,"column":38}},"1":{"start":{"line":2,"column":0},"end":{"line":2,"column":47}},"2":{"start":{"line":3,"column":0},"end":{"line":3,"column":0}},"3":{"start":{"line":4,"column":0},"end":{"line":4,"column":12}},"4":{"start":{"line":5,"column":0},"end":{"line":5,"column":13}},"5":{"start":{"line":6,"column":0},"end":{"line":6,"column":12}},"6":{"start":{"line":7,"column":0},"end":{"line":7,"column":29}},"7":{"start":{"line":8,"column":0},"end":{"line":8,"column":5}},"8":{"start":{"line":9,"column":0},"end":{"line":9,"column":1}}},"s":{"0":1,"1":3,"2":3,"3":3,"4":3,"5":3,"6":3,"7":3,"8":3},"branchMap":{"0":{"type":"branch","line":1,"loc":{"start":{"line":1,"column":7},"end":{"line":9,"column":1}},"locations":[{"start":{"line":1,"column":7},"end":{"line":9,"column":1}}]}},"b":{"0":[3]},"fnMap":{"0":{"name":"mapPerson","decl":{"start":{"line":1,"column":7},"end":{"line":9,"column":1}},"loc":{"start":{"line":1,"column":7},"end":{"line":9,"column":1}},"line":1}},"f":{"0":3}}
,"/Users/lucaspantoja/Desktop/Projects/tajs/CodeCoverage_Class/src/task.js": {"path":"/Users/lucaspantoja/Desktop/Projects/tajs/CodeCoverage_Class/src/task.js","all":false,"statementMap":{"0":{"start":{"line":1,"column":0},"end":{"line":1,"column":27}},"1":{"start":{"line":2,"column":0},"end":{"line":2,"column":22}},"2":{"start":{"line":3,"column":0},"end":{"line":3,"column":31}},"3":{"start":{"line":4,"column":0},"end":{"line":4,"column":88}},"4":{"start":{"line":5,"column":0},"end":{"line":5,"column":44}},"5":{"start":{"line":6,"column":0},"end":{"line":6,"column":5}},"6":{"start":{"line":7,"column":0},"end":{"line":7,"column":18}},"7":{"start":{"line":8,"column":0},"end":{"line":8,"column":46}},"8":{"start":{"line":9,"column":0},"end":{"line":9,"column":34}},"9":{"start":{"line":10,"column":0},"end":{"line":10,"column":41}},"10":{"start":{"line":11,"column":0},"end":{"line":11,"column":46}},"11":{"start":{"line":12,"column":0},"end":{"line":12,"column":41}},"12":{"start":{"line":13,"column":0},"end":{"line":13,"column":22}},"13":{"start":{"line":14,"column":0},"end":{"line":14,"column":13}},"14":{"start":{"line":15,"column":0},"end":{"line":15,"column":0}},"15":{"start":{"line":16,"column":0},"end":{"line":16,"column":45}},"16":{"start":{"line":17,"column":0},"end":{"line":17,"column":40}},"17":{"start":{"line":18,"column":0},"end":{"line":18,"column":29}},"18":{"start":{"line":19,"column":0},"end":{"line":19,"column":44}},"19":{"start":{"line":20,"column":0},"end":{"line":20,"column":17}},"20":{"start":{"line":21,"column":0},"end":{"line":21,"column":13}},"21":{"start":{"line":22,"column":0},"end":{"line":22,"column":20}},"22":{"start":{"line":23,"column":0},"end":{"line":23,"column":5}},"23":{"start":{"line":24,"column":0},"end":{"line":24,"column":1}}},"s":{"0":1,"1":1,"2":1,"3":2,"4":2,"5":2,"6":1,"7":1,"8":50,"9":50,"10":0,"11":0,"12":0,"13":0,"14":50,"15":50,"16":75,"17":2,"18":2,"19":2,"20":75,"21":1,"22":1,"23":1},"branchMap":{"0":{"type":"branch","line":1,"loc":{"start":{"line":1,"column":15},"end":{"line":24,"column":1}},"locations":[{"start":{"line":1,"column":15},"end":{"line":24,"column":1}}]},"1":{"type":"branch","line":3,"loc":{"start":{"line":3,"column":4},"end":{"line":6,"column":5}},"locations":[{"start":{"line":3,"column":4},"end":{"line":6,"column":5}}]},"2":{"type":"branch","line":7,"loc":{"start":{"line":7,"column":4},"end":{"line":23,"column":5}},"locations":[{"start":{"line":7,"column":4},"end":{"line":23,"column":5}}]},"3":{"type":"branch","line":8,"loc":{"start":{"line":8,"column":39},"end":{"line":22,"column":9}},"locations":[{"start":{"line":8,"column":39},"end":{"line":22,"column":9}}]},"4":{"type":"branch","line":10,"loc":{"start":{"line":10,"column":40},"end":{"line":14,"column":13}},"locations":[{"start":{"line":10,"column":40},"end":{"line":14,"column":13}}]},"5":{"type":"branch","line":16,"loc":{"start":{"line":16,"column":44},"end":{"line":21,"column":13}},"locations":[{"start":{"line":16,"column":44},"end":{"line":21,"column":13}}]},"6":{"type":"branch","line":17,"loc":{"start":{"line":17,"column":39},"end":{"line":20,"column":17}},"locations":[{"start":{"line":17,"column":39},"end":{"line":20,"column":17}}]}},"b":{"0":[1],"1":[2],"2":[1],"3":[50],"4":[0],"5":[75],"6":[2]},"fnMap":{"0":{"name":"<instance_members_initializer>","decl":{"start":{"line":1,"column":15},"end":{"line":24,"column":1}},"loc":{"start":{"line":1,"column":15},"end":{"line":24,"column":1}},"line":1},"1":{"name":"save","decl":{"start":{"line":3,"column":4},"end":{"line":6,"column":5}},"loc":{"start":{"line":3,"column":4},"end":{"line":6,"column":5}},"line":3},"2":{"name":"run","decl":{"start":{"line":7,"column":4},"end":{"line":23,"column":5}},"loc":{"start":{"line":7,"column":4},"end":{"line":23,"column":5}},"line":7}},"f":{"0":1,"1":2,"2":1}}
}
